[0.322s] DEBUG:colcon:Command line arguments: ['/usr/bin/colcon', 'build', '--symlink-install']
[0.322s] DEBUG:colcon:Parsed command line arguments: Namespace(log_base=None, log_level=None, verb_name='build', build_base='build', install_base='install', merge_install=False, symlink_install=True, test_result_base=None, continue_on_error=False, executor='parallel', parallel_workers=8, event_handlers=None, ignore_user_meta=False, metas=['./colcon.meta'], base_paths=['.'], packages_ignore=None, packages_ignore_regex=None, paths=None, packages_up_to=None, packages_up_to_regex=None, packages_above=None, packages_above_and_dependencies=None, packages_above_depth=None, packages_select_by_dep=None, packages_skip_by_dep=None, packages_skip_up_to=None, packages_select_build_failed=False, packages_skip_build_finished=False, packages_select_test_failures=False, packages_skip_test_passed=False, packages_select=None, packages_skip=None, packages_select_regex=None, packages_skip_regex=None, packages_start=None, packages_end=None, allow_overriding=[], cmake_args=None, cmake_target=None, cmake_target_skip_unavailable=False, cmake_clean_cache=False, cmake_clean_first=False, cmake_force_configure=False, ament_cmake_args=None, catkin_cmake_args=None, catkin_skip_building_tests=False, verb_parser=<colcon_defaults.argument_parser.defaults.DefaultArgumentsDecorator object at 0x7137c08e0ee0>, verb_extension=<colcon_core.verb.build.BuildVerb object at 0x7137c0a51210>, main=<bound method BuildVerb.main of <colcon_core.verb.build.BuildVerb object at 0x7137c0a51210>>)
[0.581s] Level 1:colcon.colcon_core.package_discovery:discover_packages(colcon_meta) check parameters
[0.581s] Level 1:colcon.colcon_core.package_discovery:discover_packages(recursive) check parameters
[0.581s] Level 1:colcon.colcon_core.package_discovery:discover_packages(ignore) check parameters
[0.581s] Level 1:colcon.colcon_core.package_discovery:discover_packages(path) check parameters
[0.581s] Level 1:colcon.colcon_core.package_discovery:discover_packages(colcon_meta) discover
[0.581s] Level 1:colcon.colcon_core.package_discovery:discover_packages(recursive) discover
[0.581s] INFO:colcon.colcon_core.package_discovery:Crawling recursively for packages in '/home/ayush/Documents/dev_ws/src/my_bot'
[0.581s] Level 1:colcon.colcon_core.package_identification:_identify(.) by extensions ['ignore', 'ignore_ament_install']
[0.581s] Level 1:colcon.colcon_core.package_identification:_identify(.) by extension 'ignore'
[0.581s] Level 1:colcon.colcon_core.package_identification:_identify(.) by extension 'ignore_ament_install'
[0.581s] Level 1:colcon.colcon_core.package_identification:_identify(.) by extensions ['colcon_pkg']
[0.581s] Level 1:colcon.colcon_core.package_identification:_identify(.) by extension 'colcon_pkg'
[0.581s] Level 1:colcon.colcon_core.package_identification:_identify(.) by extensions ['colcon_meta']
[0.581s] Level 1:colcon.colcon_core.package_identification:_identify(.) by extension 'colcon_meta'
[0.581s] Level 1:colcon.colcon_core.package_identification:_identify(.) by extensions ['ros']
[0.581s] Level 1:colcon.colcon_core.package_identification:_identify(.) by extension 'ros'
[0.621s] DEBUG:colcon.colcon_core.package_identification:Package '.' with type 'ros.ament_cmake' and name 'my_bot'
[0.621s] Level 1:colcon.colcon_core.package_discovery:discover_packages(recursive) using defaults
[0.621s] Level 1:colcon.colcon_core.package_discovery:discover_packages(ignore) discover
[0.621s] Level 1:colcon.colcon_core.package_discovery:discover_packages(ignore) using defaults
[0.621s] Level 1:colcon.colcon_core.package_discovery:discover_packages(path) discover
[0.622s] Level 1:colcon.colcon_core.package_discovery:discover_packages(path) using defaults
[0.661s] Level 1:colcon.colcon_core.package_discovery:discover_packages(prefix_path) check parameters
[0.661s] Level 1:colcon.colcon_core.package_discovery:discover_packages(prefix_path) discover
[0.665s] DEBUG:colcon.colcon_installed_package_information.package_discovery:Found 353 installed packages in /opt/ros/iron
[0.666s] Level 1:colcon.colcon_core.package_discovery:discover_packages(prefix_path) using defaults
[0.711s] Level 5:colcon.colcon_core.verb:set package 'my_bot' build argument 'cmake_args' from command line to 'None'
[0.712s] Level 5:colcon.colcon_core.verb:set package 'my_bot' build argument 'cmake_target' from command line to 'None'
[0.712s] Level 5:colcon.colcon_core.verb:set package 'my_bot' build argument 'cmake_target_skip_unavailable' from command line to 'False'
[0.712s] Level 5:colcon.colcon_core.verb:set package 'my_bot' build argument 'cmake_clean_cache' from command line to 'False'
[0.712s] Level 5:colcon.colcon_core.verb:set package 'my_bot' build argument 'cmake_clean_first' from command line to 'False'
[0.712s] Level 5:colcon.colcon_core.verb:set package 'my_bot' build argument 'cmake_force_configure' from command line to 'False'
[0.712s] Level 5:colcon.colcon_core.verb:set package 'my_bot' build argument 'ament_cmake_args' from command line to 'None'
[0.712s] Level 5:colcon.colcon_core.verb:set package 'my_bot' build argument 'catkin_cmake_args' from command line to 'None'
[0.712s] Level 5:colcon.colcon_core.verb:set package 'my_bot' build argument 'catkin_skip_building_tests' from command line to 'False'
[0.712s] DEBUG:colcon.colcon_core.verb:Building package 'my_bot' with the following arguments: {'ament_cmake_args': None, 'build_base': '/home/ayush/Documents/dev_ws/src/my_bot/build/my_bot', 'catkin_cmake_args': None, 'catkin_skip_building_tests': False, 'cmake_args': None, 'cmake_clean_cache': False, 'cmake_clean_first': False, 'cmake_force_configure': False, 'cmake_target': None, 'cmake_target_skip_unavailable': False, 'install_base': '/home/ayush/Documents/dev_ws/src/my_bot/install/my_bot', 'merge_install': False, 'path': '/home/ayush/Documents/dev_ws/src/my_bot', 'symlink_install': True, 'test_result_base': None}
[0.712s] INFO:colcon.colcon_core.executor:Executing jobs using 'parallel' executor
[0.713s] DEBUG:colcon.colcon_parallel_executor.executor.parallel:run_until_complete
[0.713s] INFO:colcon.colcon_ros.task.ament_cmake.build:Building ROS package in '/home/ayush/Documents/dev_ws/src/my_bot' with build type 'ament_cmake'
[0.713s] INFO:colcon.colcon_cmake.task.cmake.build:Building CMake package in '/home/ayush/Documents/dev_ws/src/my_bot'
[0.717s] INFO:colcon.colcon_core.plugin_system:Skipping extension 'colcon_core.shell.bat': Not used on non-Windows systems
[0.718s] INFO:colcon.colcon_core.shell:Skip shell extension 'powershell' for command environment: Not usable outside of PowerShell
[0.718s] DEBUG:colcon.colcon_core.shell:Skip shell extension 'dsv' for command environment
[0.724s] DEBUG:colcon.colcon_core.event_handler.log_command:Invoking command in '/home/ayush/Documents/dev_ws/src/my_bot/build/my_bot': CMAKE_PREFIX_PATH=/opt/ros/iron /usr/bin/cmake /home/ayush/Documents/dev_ws/src/my_bot -DAMENT_CMAKE_SYMLINK_INSTALL=1 -DCMAKE_INSTALL_PREFIX=/home/ayush/Documents/dev_ws/src/my_bot/install/my_bot
[1.748s] DEBUG:colcon.colcon_core.event_handler.log_command:Invoked command in '/home/ayush/Documents/dev_ws/src/my_bot/build/my_bot' returned '0': CMAKE_PREFIX_PATH=/opt/ros/iron /usr/bin/cmake /home/ayush/Documents/dev_ws/src/my_bot -DAMENT_CMAKE_SYMLINK_INSTALL=1 -DCMAKE_INSTALL_PREFIX=/home/ayush/Documents/dev_ws/src/my_bot/install/my_bot
[1.749s] DEBUG:colcon.colcon_core.event_handler.log_command:Invoking command in '/home/ayush/Documents/dev_ws/src/my_bot/build/my_bot': CMAKE_PREFIX_PATH=/opt/ros/iron /usr/bin/cmake --build /home/ayush/Documents/dev_ws/src/my_bot/build/my_bot -- -j8 -l8
[1.780s] DEBUG:colcon.colcon_core.event_handler.log_command:Invoked command in '/home/ayush/Documents/dev_ws/src/my_bot/build/my_bot' returned '0': CMAKE_PREFIX_PATH=/opt/ros/iron /usr/bin/cmake --build /home/ayush/Documents/dev_ws/src/my_bot/build/my_bot -- -j8 -l8
[1.812s] DEBUG:colcon.colcon_core.event_handler.log_command:Invoking command in '/home/ayush/Documents/dev_ws/src/my_bot/build/my_bot': CMAKE_PREFIX_PATH=/opt/ros/iron /usr/bin/cmake --install /home/ayush/Documents/dev_ws/src/my_bot/build/my_bot
[2.074s] Level 1:colcon.colcon_core.environment:create_environment_scripts_only(my_bot)
[2.074s] DEBUG:colcon.colcon_core.event_handler.log_command:Invoked command in '/home/ayush/Documents/dev_ws/src/my_bot/build/my_bot' returned '0': CMAKE_PREFIX_PATH=/opt/ros/iron /usr/bin/cmake --install /home/ayush/Documents/dev_ws/src/my_bot/build/my_bot
[2.080s] Level 1:colcon.colcon_core.environment:checking '/home/ayush/Documents/dev_ws/src/my_bot/install/my_bot' for CMake module files
[2.080s] Level 1:colcon.colcon_core.environment:checking '/home/ayush/Documents/dev_ws/src/my_bot/install/my_bot' for CMake config files
[2.080s] Level 1:colcon.colcon_core.shell:create_environment_hook('my_bot', 'cmake_prefix_path')
[2.081s] INFO:colcon.colcon_core.shell:Creating environment hook '/home/ayush/Documents/dev_ws/src/my_bot/install/my_bot/share/my_bot/hook/cmake_prefix_path.ps1'
[2.081s] INFO:colcon.colcon_core.shell:Creating environment descriptor '/home/ayush/Documents/dev_ws/src/my_bot/install/my_bot/share/my_bot/hook/cmake_prefix_path.dsv'
[2.082s] INFO:colcon.colcon_core.shell:Creating environment hook '/home/ayush/Documents/dev_ws/src/my_bot/install/my_bot/share/my_bot/hook/cmake_prefix_path.sh'
[2.083s] Level 1:colcon.colcon_core.environment:checking '/home/ayush/Documents/dev_ws/src/my_bot/install/my_bot/bin'
[2.083s] Level 1:colcon.colcon_core.environment:checking '/home/ayush/Documents/dev_ws/src/my_bot/install/my_bot/lib/pkgconfig/my_bot.pc'
[2.083s] Level 1:colcon.colcon_core.environment:checking '/home/ayush/Documents/dev_ws/src/my_bot/install/my_bot/lib/python3.10/site-packages'
[2.083s] Level 1:colcon.colcon_core.environment:checking '/home/ayush/Documents/dev_ws/src/my_bot/install/my_bot/bin'
[2.083s] INFO:colcon.colcon_core.shell:Creating package script '/home/ayush/Documents/dev_ws/src/my_bot/install/my_bot/share/my_bot/package.ps1'
[2.084s] INFO:colcon.colcon_core.shell:Creating package descriptor '/home/ayush/Documents/dev_ws/src/my_bot/install/my_bot/share/my_bot/package.dsv'
[2.085s] INFO:colcon.colcon_core.shell:Creating package script '/home/ayush/Documents/dev_ws/src/my_bot/install/my_bot/share/my_bot/package.sh'
[2.085s] INFO:colcon.colcon_core.shell:Creating package script '/home/ayush/Documents/dev_ws/src/my_bot/install/my_bot/share/my_bot/package.bash'
[2.086s] INFO:colcon.colcon_core.shell:Creating package script '/home/ayush/Documents/dev_ws/src/my_bot/install/my_bot/share/my_bot/package.zsh'
[2.087s] Level 1:colcon.colcon_core.environment:create_file_with_runtime_dependencies(/home/ayush/Documents/dev_ws/src/my_bot/install/my_bot/share/colcon-core/packages/my_bot)
[2.105s] Level 1:colcon.colcon_core.environment:create_environment_scripts_only(my_bot)
[2.106s] Level 1:colcon.colcon_core.environment:checking '/home/ayush/Documents/dev_ws/src/my_bot/install/my_bot' for CMake module files
[2.106s] Level 1:colcon.colcon_core.environment:checking '/home/ayush/Documents/dev_ws/src/my_bot/install/my_bot' for CMake config files
[2.106s] Level 1:colcon.colcon_core.shell:create_environment_hook('my_bot', 'cmake_prefix_path')
[2.107s] INFO:colcon.colcon_core.shell:Creating environment hook '/home/ayush/Documents/dev_ws/src/my_bot/install/my_bot/share/my_bot/hook/cmake_prefix_path.ps1'
[2.107s] INFO:colcon.colcon_core.shell:Creating environment descriptor '/home/ayush/Documents/dev_ws/src/my_bot/install/my_bot/share/my_bot/hook/cmake_prefix_path.dsv'
[2.107s] INFO:colcon.colcon_core.shell:Creating environment hook '/home/ayush/Documents/dev_ws/src/my_bot/install/my_bot/share/my_bot/hook/cmake_prefix_path.sh'
[2.108s] Level 1:colcon.colcon_core.environment:checking '/home/ayush/Documents/dev_ws/src/my_bot/install/my_bot/bin'
[2.108s] Level 1:colcon.colcon_core.environment:checking '/home/ayush/Documents/dev_ws/src/my_bot/install/my_bot/lib/pkgconfig/my_bot.pc'
[2.108s] Level 1:colcon.colcon_core.environment:checking '/home/ayush/Documents/dev_ws/src/my_bot/install/my_bot/lib/python3.10/site-packages'
[2.108s] Level 1:colcon.colcon_core.environment:checking '/home/ayush/Documents/dev_ws/src/my_bot/install/my_bot/bin'
[2.108s] INFO:colcon.colcon_core.shell:Creating package script '/home/ayush/Documents/dev_ws/src/my_bot/install/my_bot/share/my_bot/package.ps1'
[2.109s] INFO:colcon.colcon_core.shell:Creating package descriptor '/home/ayush/Documents/dev_ws/src/my_bot/install/my_bot/share/my_bot/package.dsv'
[2.109s] INFO:colcon.colcon_core.shell:Creating package script '/home/ayush/Documents/dev_ws/src/my_bot/install/my_bot/share/my_bot/package.sh'
[2.109s] INFO:colcon.colcon_core.shell:Creating package script '/home/ayush/Documents/dev_ws/src/my_bot/install/my_bot/share/my_bot/package.bash'
[2.109s] INFO:colcon.colcon_core.shell:Creating package script '/home/ayush/Documents/dev_ws/src/my_bot/install/my_bot/share/my_bot/package.zsh'
[2.110s] Level 1:colcon.colcon_core.environment:create_file_with_runtime_dependencies(/home/ayush/Documents/dev_ws/src/my_bot/install/my_bot/share/colcon-core/packages/my_bot)
[2.110s] DEBUG:colcon.colcon_parallel_executor.executor.parallel:closing loop
[2.110s] DEBUG:colcon.colcon_parallel_executor.executor.parallel:loop closed
[2.110s] DEBUG:colcon.colcon_parallel_executor.executor.parallel:run_until_complete finished with '0'
[2.110s] DEBUG:colcon.colcon_core.event_reactor:joining thread
[2.115s] INFO:colcon.colcon_core.plugin_system:Skipping extension 'colcon_notification.desktop_notification.terminal_notifier': Not used on non-Darwin systems
[2.115s] INFO:colcon.colcon_core.plugin_system:Skipping extension 'colcon_notification.desktop_notification.win32': Not used on non-Windows systems
[2.116s] INFO:colcon.colcon_notification.desktop_notification:Sending desktop notification using 'notify2'
[2.127s] DEBUG:colcon.colcon_core.event_reactor:joined thread
[2.127s] INFO:colcon.colcon_core.shell:Creating prefix script '/home/ayush/Documents/dev_ws/src/my_bot/install/local_setup.ps1'
[2.128s] INFO:colcon.colcon_core.shell:Creating prefix util module '/home/ayush/Documents/dev_ws/src/my_bot/install/_local_setup_util_ps1.py'
[2.129s] INFO:colcon.colcon_core.shell:Creating prefix chain script '/home/ayush/Documents/dev_ws/src/my_bot/install/setup.ps1'
[2.130s] INFO:colcon.colcon_core.shell:Creating prefix script '/home/ayush/Documents/dev_ws/src/my_bot/install/local_setup.sh'
[2.131s] INFO:colcon.colcon_core.shell:Creating prefix util module '/home/ayush/Documents/dev_ws/src/my_bot/install/_local_setup_util_sh.py'
[2.131s] INFO:colcon.colcon_core.shell:Creating prefix chain script '/home/ayush/Documents/dev_ws/src/my_bot/install/setup.sh'
[2.132s] INFO:colcon.colcon_core.shell:Creating prefix script '/home/ayush/Documents/dev_ws/src/my_bot/install/local_setup.bash'
[2.133s] INFO:colcon.colcon_core.shell:Creating prefix chain script '/home/ayush/Documents/dev_ws/src/my_bot/install/setup.bash'
[2.134s] INFO:colcon.colcon_core.shell:Creating prefix script '/home/ayush/Documents/dev_ws/src/my_bot/install/local_setup.zsh'
[2.134s] INFO:colcon.colcon_core.shell:Creating prefix chain script '/home/ayush/Documents/dev_ws/src/my_bot/install/setup.zsh'
