[0.010s] Invoking command in '/home/ayush/Documents/dev_ws/src/my_bot/build/my_bot': CMAKE_PREFIX_PATH=${CMAKE_PREFIX_PATH}:/opt/ros/iron /usr/bin/cmake --build /home/ayush/Documents/dev_ws/src/my_bot/build/my_bot -- -j8 -l8
[0.044s] Invoked command in '/home/ayush/Documents/dev_ws/src/my_bot/build/my_bot' returned '0': CMAKE_PREFIX_PATH=${CMAKE_PREFIX_PATH}:/opt/ros/iron /usr/bin/cmake --build /home/ayush/Documents/dev_ws/src/my_bot/build/my_bot -- -j8 -l8
[0.070s] Invoking command in '/home/ayush/Documents/dev_ws/src/my_bot/build/my_bot': CMAKE_PREFIX_PATH=${CMAKE_PREFIX_PATH}:/opt/ros/iron /usr/bin/cmake --install /home/ayush/Documents/dev_ws/src/my_bot/build/my_bot
[0.076s] -- Install configuration: ""
[0.077s] -- Execute custom install script
[0.077s] -- Up-to-date symlink: /home/ayush/Documents/dev_ws/src/my_bot/install/my_bot/share/my_bot/config/empty.yaml
[0.077s] -- Symlinking: /home/ayush/Documents/dev_ws/src/my_bot/install/my_bot/share/my_bot/config/gazebo_params.yaml
[0.085s] -- Up-to-date symlink: /home/ayush/Documents/dev_ws/src/my_bot/install/my_bot/share/my_bot/config/just_bot.rviz
[0.085s] -- Up-to-date symlink: /home/ayush/Documents/dev_ws/src/my_bot/install/my_bot/share/my_bot/config/my_controllers.yaml
[0.085s] -- Up-to-date symlink: /home/ayush/Documents/dev_ws/src/my_bot/install/my_bot/share/my_bot/config/odom_view.rviz
[0.085s] -- Up-to-date symlink: /home/ayush/Documents/dev_ws/src/my_bot/install/my_bot/share/my_bot/config/view_bot.rviz
[0.085s] -- Up-to-date symlink: /home/ayush/Documents/dev_ws/src/my_bot/install/my_bot/share/my_bot/description/camera.xacro
[0.085s] -- Up-to-date symlink: /home/ayush/Documents/dev_ws/src/my_bot/install/my_bot/share/my_bot/description/depth_camera.xacro
[0.085s] -- Up-to-date symlink: /home/ayush/Documents/dev_ws/src/my_bot/install/my_bot/share/my_bot/description/gzebo_control.xacro
[0.085s] -- Up-to-date symlink: /home/ayush/Documents/dev_ws/src/my_bot/install/my_bot/share/my_bot/description/inertial_macros.xacro
[0.085s] -- Up-to-date symlink: /home/ayush/Documents/dev_ws/src/my_bot/install/my_bot/share/my_bot/description/lidar.xacro
[0.086s] -- Up-to-date symlink: /home/ayush/Documents/dev_ws/src/my_bot/install/my_bot/share/my_bot/description/robot.urdf.xacro
[0.086s] -- Up-to-date symlink: /home/ayush/Documents/dev_ws/src/my_bot/install/my_bot/share/my_bot/description/robot_core.xacro
[0.086s] -- Up-to-date symlink: /home/ayush/Documents/dev_ws/src/my_bot/install/my_bot/share/my_bot/description/ros2_control.xacro
[0.086s] -- Up-to-date symlink: /home/ayush/Documents/dev_ws/src/my_bot/install/my_bot/share/my_bot/launch/launch_sim.launch.py
[0.086s] -- Up-to-date symlink: /home/ayush/Documents/dev_ws/src/my_bot/install/my_bot/share/my_bot/launch/rsp.launch.py
[0.086s] -- Up-to-date symlink: /home/ayush/Documents/dev_ws/src/my_bot/install/my_bot/share/my_bot/worlds/empty.world
[0.086s] -- Up-to-date symlink: /home/ayush/Documents/dev_ws/src/my_bot/install/my_bot/share/my_bot/worlds/obstacles.world
[0.087s] -- Up-to-date symlink: /home/ayush/Documents/dev_ws/src/my_bot/install/my_bot/share/ament_index/resource_index/package_run_dependencies/my_bot
[0.087s] -- Up-to-date symlink: /home/ayush/Documents/dev_ws/src/my_bot/install/my_bot/share/ament_index/resource_index/parent_prefix_path/my_bot
[0.087s] -- Up-to-date symlink: /home/ayush/Documents/dev_ws/src/my_bot/install/my_bot/share/my_bot/environment/ament_prefix_path.sh
[0.087s] -- Up-to-date symlink: /home/ayush/Documents/dev_ws/src/my_bot/install/my_bot/share/my_bot/environment/ament_prefix_path.dsv
[0.087s] -- Up-to-date symlink: /home/ayush/Documents/dev_ws/src/my_bot/install/my_bot/share/my_bot/environment/path.sh
[0.087s] -- Up-to-date symlink: /home/ayush/Documents/dev_ws/src/my_bot/install/my_bot/share/my_bot/environment/path.dsv
[0.087s] -- Up-to-date symlink: /home/ayush/Documents/dev_ws/src/my_bot/install/my_bot/share/my_bot/local_setup.bash
[0.088s] -- Up-to-date symlink: /home/ayush/Documents/dev_ws/src/my_bot/install/my_bot/share/my_bot/local_setup.sh
[0.088s] -- Up-to-date symlink: /home/ayush/Documents/dev_ws/src/my_bot/install/my_bot/share/my_bot/local_setup.zsh
[0.088s] -- Up-to-date symlink: /home/ayush/Documents/dev_ws/src/my_bot/install/my_bot/share/my_bot/local_setup.dsv
[0.088s] -- Symlinking: /home/ayush/Documents/dev_ws/src/my_bot/install/my_bot/share/my_bot/package.dsv
[0.096s] -- Up-to-date symlink: /home/ayush/Documents/dev_ws/src/my_bot/install/my_bot/share/ament_index/resource_index/packages/my_bot
[0.096s] -- Up-to-date symlink: /home/ayush/Documents/dev_ws/src/my_bot/install/my_bot/share/my_bot/cmake/my_botConfig.cmake
[0.096s] -- Up-to-date symlink: /home/ayush/Documents/dev_ws/src/my_bot/install/my_bot/share/my_bot/cmake/my_botConfig-version.cmake
[0.096s] -- Up-to-date symlink: /home/ayush/Documents/dev_ws/src/my_bot/install/my_bot/share/my_bot/package.xml
[0.098s] Invoked command in '/home/ayush/Documents/dev_ws/src/my_bot/build/my_bot' returned '0': CMAKE_PREFIX_PATH=${CMAKE_PREFIX_PATH}:/opt/ros/iron /usr/bin/cmake --install /home/ayush/Documents/dev_ws/src/my_bot/build/my_bot
